[culturecours.com/index.html]
[backblue.gif]
[fade.gif]
[index.html]
[culturecours.com/wp-includes/js/mediaelement/mediaelementplayer-legacy.min1f61.css]
[culturecours.com/feed/index.html]
[culturecours.com/wp-includes/js/mediaelement/wp-mediaelement.min84fc.css]
[culturecours.com/comments/feed/index.html]
[culturecours.com/wp-content/themes/zoomy/assets/css/font84fc.css]
[culturecours.com/wp-content/plugins/redux-framework/redux-core/assets/css/extendify-utilities859d.css]
[culturecours.com/wp-content/plugins/woocommerce/assets/css/woocommerce-layout9b80.css]
[culturecours.com/wp-content/plugins/woocommerce/assets/css/woocommerce-smallscreen9b80.css]
[culturecours.com/wp-content/plugins/woocommerce/assets/css/woocommerce9b80.css]
[culturecours.com/wp-content/themes/zoomy/style84fc.css]
[culturecours.com/wp-content/themes/zoomy/assets/css/bootstrap.min84fc.css]
[culturecours.com/wp-content/themes/zoomy/assets/css/all.min84fc.css]
[culturecours.com/wp-content/themes/zoomy/assets/css/flaticon84fc.css]
[culturecours.com/wp-content/themes/zoomy/assets/css/metisMenu84fc.css]
[culturecours.com/wp-content/themes/zoomy/assets/css/spacing84fc.css]
[culturecours.com/wp-content/themes/zoomy/assets/css/main84fc.css]
[culturecours.com/wp-content/themes/zoomy/assets/css/responsive84fc.css]
[culturecours.com/wp-content/themes/zoomy/assets/css/wpd-style84fc.css]
[culturecours.com/wp-content/themes/zoomy/assets/css/wp-custom84fc.css]
[culturecours.com/wp-content/themes/zoomy-child/style84fc.css]
[culturecours.com/wp-content/plugins/pro-elements/assets/css/frontend-lite.mince54.css]
[culturecours.com/wp-content/plugins/pro-elements/assets/lib/swiper/v8/css/swiper.min94a4.css]
[culturecours.com/wp-content/uploads/elementor/css/post-6f0ab.css]
[culturecours.com/wp-content/plugins/zoomy-core/inc/third-party/pro-elements/assets/css/frontend-lite.min5aed.css]
[culturecours.com/wp-content/plugins/zoomy-core/assets/css/widget84fc.css]
[culturecours.com/wp-content/plugins/pro-elements/assets/lib/font-awesome/css/all.mince54.css]
[culturecours.com/wp-content/plugins/pro-elements/assets/lib/font-awesome/css/v4-shims.mince54.css]
[culturecours.com/wp-content/uploads/elementor/css/post-762902d2.css]
[culturecours.com/wp-content/uploads/elementor/css/post-7645f0ab.css]
[culturecours.com/wp-content/uploads/elementor/css/post-64856f50.css]
[culturecours.com/wp-content/plugins/elementskit-lite/modules/elementskit-icon-pack/assets/css/ekiticons8d18.css]
[culturecours.com/wp-content/plugins/elementskit-lite/widgets/init/assets/css/widget-styles8d18.css]
[culturecours.com/wp-content/plugins/elementskit-lite/widgets/init/assets/css/responsive8d18.css]
[culturecours.com/wp-includes/js/dist/vendor/wp-polyfill-inert.min0226.js]
[culturecours.com/wp-includes/js/dist/vendor/regenerator-runtime.min6c85.js]
[culturecours.com/wp-includes/js/dist/vendor/wp-polyfill.min2c7c.js]
[culturecours.com/wp-includes/js/dist/hooks.min2ebd.js]
[stats.wp.com/we36a.js]
[culturecours.com/wp-includes/js/jquery/jquery.minf43b.js]
[culturecours.com/wp-includes/js/jquery/jquery-migrate.min5589.js]
[culturecours.com/wp-content/plugins/woocommerce/assets/js/jquery-blockui/jquery.blockUI.minac72.js]
[culturecours.com/wp-content/plugins/woocommerce/assets/js/frontend/add-to-cart.min9b80.js]
[culturecours.com/wp-content/plugins/woocommerce/assets/js/js-cookie/js.cookie.minde0b.js]
[culturecours.com/wp-content/plugins/woocommerce/assets/js/frontend/woocommerce.min9b80.js]
[stats.wp.com/s-202409.js]
[culturecours.com/wp-content/plugins/pro-elements/assets/lib/font-awesome/js/v4-shims.mince54.js]
[culturecours.com/wp-json/wp/v2/pages/7629.json]
[culturecours.com/wp-json/index.html]
[culturecours.com/wp-json/oembed/1.0/embedfc38.json]
[culturecours.com/wp-json/oembed/1.0/embedfd3e]
[culturecours.com/wp-content/uploads/2023/12/cropped-icone-cc-32x32.png]
[culturecours.com/wp-content/uploads/2023/12/cropped-icone-cc-192x192.png]
[culturecours.com/wp-content/uploads/2023/12/cropped-icone-cc-180x180.png]
[culturecours.com/wp-content/uploads/2024/02/TextaBook.ttf]
[culturecours.com/wp-content/uploads/2024/02/TextaBookIt.ttf]
[culturecours.com/wp-content/uploads/2024/02/TextaBoldIt.ttf]
[culturecours.com/wp-content/uploads/2024/02/TextaBold.ttf]
[culturecours.com/wp-content/uploads/2024/02/TextaBlackIt.ttf]
[culturecours.com/wp-content/uploads/2024/02/TextaBlack.ttf]
[culturecours.com/wp-content/uploads/2024/02/TextaMedium.ttf]
[culturecours.com/wp-content/uploads/2024/02/TextaLightIt.ttf]
[culturecours.com/wp-content/uploads/2024/02/TextaLight.ttf]
[culturecours.com/wp-content/uploads/2024/02/TextaIt.ttf]
[culturecours.com/wp-content/uploads/2024/02/TextaHeavyIt.ttf]
[culturecours.com/wp-content/uploads/2024/02/TextaHeavy.ttf]
[culturecours.com/wp-content/uploads/2024/02/TextaThintIt.ttf]
[culturecours.com/wp-content/uploads/2024/02/TextaThin.ttf]
[culturecours.com/wp-content/uploads/2024/02/TextaRegular.ttf]
[culturecours.com/wp-content/uploads/2024/02/TextaMediumIt.ttf]
[culturecours.com/wp-content/uploads/2024/01/logo-cc-prop-04_Plan-de-travail-1.png]
[culturecours.com/wp-content/uploads/2024/01/Sans-titre-logo_Plan-de-travail-1-3.png]
[culturecours.com/wp-content/plugins/pro-elements/assets/css/widget-icon-box.min.css]
[culturecours.com/nous-decouvrir/index.html]
[culturecours.com/wp-content/uploads/2024/01/image-png-site-C7.png]
[culturecours.com/wp-content/plugins/pro-elements/assets/css/widget-icon-list.min.css]
[culturecours.com/wp-content/uploads/2024/01/icones_Plan-de-travail-1-copie-4-150x150.png]
[culturecours.com/wp-content/uploads/2024/01/icones_Plan-de-travail-1-copie-12-150x150.png]
[culturecours.com/wp-content/uploads/2024/01/icones_Plan-de-travail-1-copie-5-150x150.png]
[culturecours.com/wp-content/uploads/2024/01/icones_Plan-de-travail-1-copie-6-150x150.png]
[culturecours.com/wp-content/uploads/2022/01/team-3.png]
[culturecours.com/wp-content/uploads/2021/12/10.png]
[culturecours.com/wp-content/uploads/2021/12/04-1.png]
[culturecours.com/wp-content/uploads/2021/12/07.png]
[culturecours.com/wp-content/uploads/2024/01/Cours-Particuliers-france.webp]
[culturecours.com/wp-content/uploads/2023/12/image-png-site-12.png]
[culturecours.com/wp-content/uploads/2024/01/Sans-titre-formes_Plan-de-travail-1-1.png]
[culturecours.com/wp-content/uploads/2023/12/logo-sp5.png]
[culturecours.com/wp-content/uploads/2023/12/Logo-sp3.webp]
[culturecours.com/wp-content/uploads/2023/12/Logo-sp2.webp]
[culturecours.com/wp-content/uploads/2023/12/logo-sp1.webp]
[culturecours.com/wp-content/plugins/zoomy-core/inc/third-party/pro-elements/assets/css/widget-nav-menu.min.css]
[culturecours.com/wp-content/uploads/elementor/css/post-6813f0ab.css]
[culturecours.com/wp-content/uploads/elementor/css/post-834387f2.css]
[culturecours.com/wp-content/plugins/pro-elements/assets/lib/animations/animations.mince54.css]
[culturecours.com/nos-professeurs/index.html]
[culturecours.com/nos-tarifs/index.html]
[culturecours.com/wp-content/plugins/zoomy-core/assets/js/scripts5152.js]
[culturecours.com/wp-content/plugins/woocommerce/assets/js/sourcebuster/sourcebuster.min9b80.js]
[culturecours.com/wp-content/plugins/woocommerce/assets/js/frontend/order-attribution.min9b80.js]
[culturecours.com/wp-content/themes/zoomy/assets/js/modernizr-3.5.0.min68b3.js]
[culturecours.com/wp-content/themes/zoomy/assets/js/popper.min68b3.js]
[culturecours.com/wp-content/themes/zoomy/assets/js/bootstrap.min68b3.js]
[culturecours.com/wp-content/themes/zoomy/assets/js/waypoints.min68b3.js]
[culturecours.com/wp-content/themes/zoomy/assets/js/wow.min68b3.js]
[culturecours.com/wp-content/themes/zoomy/assets/js/jquery.scrollUp.min68b3.js]
[culturecours.com/wp-content/themes/zoomy/assets/js/metisMenu.min68b3.js]
[culturecours.com/wp-content/themes/zoomy/assets/js/plugins8a54.js]
[culturecours.com/wp-content/themes/zoomy/assets/js/main8a54.js]
[culturecours.com/wp-content/plugins/elementskit-lite/libs/framework/assets/js/frontend-script8d18.js]
[culturecours.com/wp-content/plugins/elementskit-lite/widgets/init/assets/js/widget-scripts8d18.js]
[stats.wp.com/e-202409.js]
[culturecours.com/wp-content/themes/zoomy/assets/js/pre-loader5152.js]
[culturecours.com/wp-content/plugins/zoomy-core/inc/third-party/pro-elements/assets/lib/smartmenus/jquery.smartmenus.minf269.js]
[culturecours.com/wp-content/plugins/zoomy-core/inc/third-party/pro-elements/assets/js/webpack-pro.runtime.min5aed.js]
[culturecours.com/wp-content/plugins/pro-elements/assets/js/webpack.runtime.mince54.js]
[culturecours.com/wp-content/plugins/pro-elements/assets/js/frontend-modules.mince54.js]
[culturecours.com/wp-includes/js/dist/i18n.minf92f.js]
[culturecours.com/wp-content/plugins/zoomy-core/inc/third-party/pro-elements/assets/js/frontend.min5aed.js]
[culturecours.com/wp-content/plugins/pro-elements/assets/lib/waypoints/waypoints.min05da.js]
[culturecours.com/wp-includes/js/jquery/ui/core.min3f14.js]
[culturecours.com/wp-content/plugins/pro-elements/assets/js/frontend.mince54.js]
[culturecours.com/wp-content/plugins/zoomy-core/inc/third-party/pro-elements/assets/js/elements-handlers.min5aed.js]
[culturecours.com/wp-content/plugins/elementskit-lite/widgets/init/assets/js/animate-circle.min8d18.js]
[culturecours.com/wp-content/plugins/elementskit-lite/widgets/init/assets/js/elementor8d18.js]
[culturecours.com/wp-content/plugins/zoomy-core/inc/third-party/pro-elements/assets/lib/sticky/jquery.sticky.min5aed.js]
[culturecours.com/wp-includes/js/underscore.mind584.js]
[culturecours.com/wp-includes/js/wp-util.min84fc.js]
[culturecours.com/wp-content/plugins/wpforms-lite/assets/js/integrations/elementor/frontend.min36c7.js]
[cdn.jsdelivr.net/npm/bootstrap@5.1.3/dist/js/bootstrap.bundle.min.js]
[cdnjs.cloudflare.com/ajax/libs/notify/0.4.2/notify.js]
[cdnjs.cloudflare.com/ajax/libs/bootbox.js/5.5.2/bootbox.min.js]
[cdnjs.cloudflare.com/ajax/libs/limonte-sweetalert2/11.1.9/sweetalert2.min.css]
[cdnjs.cloudflare.com/ajax/libs/izitoast/1.4.0/js/iziToast.min.js]
[culturecours.com/index.html]
[culturecours.com/wp-includes/js/mediaelement/mediaelementplayer-legacy.min1f61.css]
[culturecours.com/wp-includes/js/mediaelement/wp-mediaelement.min84fc.css]
[culturecours.com/wp-content/themes/zoomy/assets/css/font84fc.css]
[culturecours.com/wp-content/plugins/redux-framework/redux-core/assets/css/extendify-utilities859d.css]
[culturecours.com/wp-content/plugins/woocommerce/assets/css/woocommerce-layout9b80.css]
[culturecours.com/wp-content/plugins/woocommerce/assets/css/woocommerce-smallscreen9b80.css]
[culturecours.com/wp-content/plugins/woocommerce/assets/fonts/star.eot]
[culturecours.com/wp-content/plugins/woocommerce/assets/fonts/stard41d.eot]
[culturecours.com/wp-content/plugins/woocommerce/assets/fonts/star.woff]
[culturecours.com/wp-content/plugins/woocommerce/assets/fonts/star.ttf]
[culturecours.com/wp-content/plugins/woocommerce/assets/fonts/WooCommerce.eot]
[culturecours.com/wp-content/plugins/woocommerce/assets/fonts/WooCommerced41d.eot]
[culturecours.com/wp-content/plugins/woocommerce/assets/fonts/WooCommerce.woff]
[culturecours.com/wp-content/plugins/woocommerce/assets/fonts/WooCommerce.ttf]
[culturecours.com/wp-content/plugins/woocommerce/assets/css/woocommerce9b80.css]
[culturecours.com/wp-content/themes/zoomy/style-editor.css]
[culturecours.com/wp-content/themes/zoomy/style84fc.css]
[culturecours.com/wp-content/themes/zoomy/assets/css/bootstrap.min84fc.css]
[culturecours.com/wp-content/themes/zoomy/assets/fonts/fa-brands-400.woff2]
[culturecours.com/wp-content/themes/zoomy/assets/fonts/fa-brands-400.woff]
[culturecours.com/wp-content/themes/zoomy/assets/fonts/fa-light-300.woff2]
[culturecours.com/wp-content/themes/zoomy/assets/fonts/fa-regular-400.woff2]
[culturecours.com/wp-content/themes/zoomy/assets/fonts/fa-regular-400.woff]
[culturecours.com/wp-content/themes/zoomy/assets/fonts/fa-regular-400.ttf]
[culturecours.com/wp-content/themes/zoomy/assets/fonts/fa-solid-900.woff2]
[culturecours.com/wp-content/themes/zoomy/assets/fonts/fa-solid-900.woff]
[culturecours.com/wp-content/themes/zoomy/assets/fonts/fa-solid-900.ttf]
[culturecours.com/wp-content/themes/zoomy/assets/css/all.min84fc.css]
[culturecours.com/wp-content/themes/zoomy/assets/css/flaticon84fc.css]
[culturecours.com/wp-content/themes/zoomy/assets/css/metisMenu84fc.css]
[culturecours.com/wp-content/themes/zoomy/assets/css/spacing84fc.css]
[culturecours.com/wp-content/themes/zoomy/assets/css/main84fc.css]
[culturecours.com/wp-content/themes/zoomy/assets/css/responsive84fc.css]
[culturecours.com/wp-content/themes/zoomy/assets/css/wpd-style84fc.css]
[culturecours.com/wp-content/themes/zoomy/assets/css/wp-custom84fc.css]
[culturecours.com/wp-content/themes/zoomy-child/style84fc.css]
[culturecours.com/wp-content/plugins/pro-elements/assets/css/frontend-lite.mince54.css]
[culturecours.com/wp-content/plugins/pro-elements/assets/lib/swiper/v8/css/swiper.min94a4.css]
[culturecours.com/wp-content/uploads/elementor/css/post-6f0ab.css]
[culturecours.com/wp-content/plugins/zoomy-core/inc/third-party/pro-elements/assets/css/frontend-lite.min5aed.css]
[culturecours.com/wp-content/plugins/zoomy-core/assets/css/widget84fc.css]
[culturecours.com/wp-content/themes/zoomy/assets/css/nice-select84fc.html]
[culturecours.com/wp-content/plugins/pro-elements/assets/lib/font-awesome/webfonts/fa-brands-400.eot]
[culturecours.com/wp-content/plugins/pro-elements/assets/lib/font-awesome/webfonts/fa-brands-400d41d.eot]
[culturecours.com/wp-content/plugins/pro-elements/assets/lib/font-awesome/webfonts/fa-brands-400.woff2]
[culturecours.com/wp-content/plugins/pro-elements/assets/lib/font-awesome/webfonts/fa-brands-400.woff]
[culturecours.com/wp-content/plugins/pro-elements/assets/lib/font-awesome/webfonts/fa-brands-400.ttf]
[culturecours.com/wp-content/plugins/pro-elements/assets/lib/font-awesome/webfonts/fa-regular-400.eot]
[culturecours.com/wp-content/plugins/pro-elements/assets/lib/font-awesome/webfonts/fa-regular-400d41d.eot]
[culturecours.com/wp-content/plugins/pro-elements/assets/lib/font-awesome/webfonts/fa-regular-400.woff2]
[culturecours.com/wp-content/plugins/pro-elements/assets/lib/font-awesome/webfonts/fa-regular-400.woff]
[culturecours.com/wp-content/plugins/pro-elements/assets/lib/font-awesome/webfonts/fa-regular-400.ttf]
[culturecours.com/wp-content/plugins/pro-elements/assets/lib/font-awesome/webfonts/fa-solid-900.eot]
[culturecours.com/wp-content/plugins/pro-elements/assets/lib/font-awesome/webfonts/fa-solid-900d41d.eot]
[culturecours.com/wp-content/plugins/pro-elements/assets/lib/font-awesome/webfonts/fa-solid-900.woff2]
[culturecours.com/wp-content/plugins/pro-elements/assets/lib/font-awesome/webfonts/fa-solid-900.woff]
[culturecours.com/wp-content/plugins/pro-elements/assets/lib/font-awesome/webfonts/fa-solid-900.ttf]
[culturecours.com/wp-content/plugins/pro-elements/assets/lib/font-awesome/css/all.mince54.css]
[culturecours.com/wp-content/plugins/pro-elements/assets/lib/font-awesome/css/v4-shims.mince54.css]
[culturecours.com/wp-content/uploads/elementor/css/post-762902d2.css]
[culturecours.com/wp-content/uploads/elementor/css/post-7645f0ab.css]
[culturecours.com/wp-content/uploads/elementor/css/post-64856f50.css]
[culturecours.com/wp-content/plugins/elementskit-lite/modules/elementskit-icon-pack/assets/fonts/elementskit97ac.woff]
[culturecours.com/wp-content/plugins/elementskit-lite/modules/elementskit-icon-pack/assets/css/ekiticons8d18.css]
[culturecours.com/wp-content/plugins/elementskit-lite/widgets/init/assets/img/arrow.png]
[culturecours.com/wp-content/plugins/elementskit-lite/widgets/init/assets/img/sort_asc.png]
[culturecours.com/wp-content/plugins/elementskit-lite/widgets/init/assets/img/sort_desc.png]
[culturecours.com/wp-content/plugins/elementskit-lite/widgets/init/assets/img/sort_asc_disabled.png]
[culturecours.com/wp-content/plugins/elementskit-lite/widgets/init/assets/css/widget-styles8d18.css]
[culturecours.com/wp-content/plugins/elementskit-lite/widgets/init/assets/css/responsive8d18.css]
[culturecours.com/xmlrpc0db0.html]
[culturecours.com/wp-content/uploads/elementor/css/post-30275813.css]
[culturecours.com/wp-json/wp/v2/pages/3027.json]
[culturecours.com/wp-json/oembed/1.0/embedda6f.json]
[culturecours.com/wp-json/oembed/1.0/embede454]
[culturecours.com/wp-content/uploads/2024/01/culturecours-about.webp]
[culturecours.com/nous-decouvrir/index.html]
[culturecours.com/culturecours/soutien-scolaire-niveau-cp/index.html]
[culturecours.com/culturecours/soutien-scolaire-niveau-ce1/index.html]
[culturecours.com/culturecours/soutien-scolaire-niveau-ce2/index.html]
[culturecours.com/culturecours/soutien-scolaire-niveau-cm1/index.html]
[culturecours.com/soutien-scolaire-niveau-cp/index.html]
[culturecours.com/soutien-scolaire-niveau-ce1/index.html]
[culturecours.com/culturecours/soutien-scolaire-niveau-cm2/index.html]
[culturecours.com/culturecours/soutien-scolaire-niveau-sixieme/index.html]
[culturecours.com/soutien-scolaire-niveau-ce2/index.html]
[culturecours.com/soutien-scolaire-niveau-cm1/index.html]
[culturecours.com/culturecours/soutien-scolaire-niveau-cinquieme/index.html]
[culturecours.com/culturecours/soutien-scolaire-niveau-quatrieme/index.html]
[culturecours.com/soutien-scolaire-niveau-cm2/index.html]
[culturecours.com/soutien-scolaire-niveau-sixieme/index.html]
[culturecours.com/culturecours/soutien-scolaire-niveau-troisieme/index.html]
[culturecours.com/culturecours/soutien-scolaire-niveau-seconde/index.html]
[culturecours.com/soutien-scolaire-niveau-cinquieme/index.html]
[culturecours.com/soutien-scolaire-niveau-quatrieme/index.html]
[culturecours.com/culturecours/soutien-scolaire-niveau-premiere/index.html]
[culturecours.com/culturecours/soutien-scolaire-niveau-terminale/index.html]
[culturecours.com/soutien-scolaire-niveau-troisieme/index.html]
[culturecours.com/soutien-scolaire-niveau-seconde/index.html]
[culturecours.com/soutien-scolaire-niveau-premiere/index.html]
[culturecours.com/soutien-scolaire-niveau-terminale/index.html]
[culturecours.com/wp-content/uploads/elementor/css/post-864481f8.css]
[culturecours.com/wp-json/wp/v2/pages/8644.json]
[culturecours.com/wp-json/oembed/1.0/embedbc4e.json]
[culturecours.com/wp-json/oembed/1.0/embed714f]
[culturecours.com/wp-content/uploads/2024/01/cours-a-domicile-paris.webp]
[culturecours.com/wp-content/uploads/2023/12/conseiller-pedagogique-culture-cours-887x1024.jpg]
[culturecours.com/nos-professeurs/index.html]
[culturecours.com/wp-content/uploads/elementor/css/post-716123bb.css]
[culturecours.com/wp-json/wp/v2/pages/7161.json]
[culturecours.com/wp-json/oembed/1.0/embeda5ad.json]
[culturecours.com/wp-json/oembed/1.0/embed66b9]
[culturecours.com/wp-content/uploads/2024/01/Culture-cours-tarifs.webp]
[culturecours.com/wp-content/uploads/2023/12/image-png-site-26.png]
[culturecours.com/wp-content/uploads/2023/12/image-png-site-28.png]
[culturecours.com/wp-content/uploads/2023/12/Client-1.png]
[culturecours.com/wp-content/uploads/2021/12/09.png]
[culturecours.com/wp-content/uploads/2024/01/eleve-4eme.jpg]
[culturecours.com/wp-content/uploads/2021/12/01-1.png]
[culturecours.com/wp-content/uploads/2021/12/05-1.png]
[culturecours.com/wp-content/uploads/2023/12/logo-sp5-1.png]
[culturecours.com/wp-content/uploads/2023/12/Logo-sp2-1.webp]
[culturecours.com/wp-content/uploads/2023/12/logo-sp1-1.webp]
[culturecours.com/wp-content/uploads/2023/12/Logo-sp3-1.webp]
[culturecours.com/nos-tarifs/index.html]
[culturecours.com/wp-content/plugins/pro-elements/assets/css/widget-icon-box.min.css]
[culturecours.com/wp-content/plugins/pro-elements/assets/css/widget-icon-list.min.css]
[culturecours.com/culturecours/nos-professeurs/index.html]
[culturecours.com/culturecours/nos-tarifs/index.html]
[culturecours.com/wp-content/plugins/zoomy-core/inc/third-party/pro-elements/assets/css/widget-nav-menu.min.css]
[culturecours.com/culturecours/condition-generale/index.html]
[culturecours.com/wp-content/uploads/elementor/css/post-6813f0ab.css]
[culturecours.com/wp-content/uploads/elementor/css/post-834387f2.css]
[culturecours.com/wp-content/plugins/pro-elements/assets/lib/animations/animations.mince54.css]
[culturecours.com/wp-content/plugins/zoomy-core/assets/js/jquery.nice-select5152.html]
[cdnjs.cloudflare.com/ajax/libs/limonte-sweetalert2/11.1.9/sweetalert2.min.css]
[www.unilien.fr/rappels_immediats/back/node_modules/socket.io/client-dist/socket.io.html]
[culturecours.com/POST.html]
[culturecours.com/wp-includes/js/mediaelement/mejs-controls.svg]
[culturecours.com/wp-content/themes/zoomy/assets/css/beginning_of_summer_3.html]
[culturecours.com/wp-content/themes/zoomy/assets/css/beginning_of_summer_3-2.html]
[culturecours.com/wp-content/themes/zoomy/assets/fonts/BeginningofSummer.html]
[culturecours.com/wp-content/themes/zoomy/assets/fonts/BeginningofSummer-2.html]
[culturecours.com/wp-content/themes/zoomy/assets/fonts/BeginningofSummer-3.html]
[culturecours.com/wp-content/themes/zoomy/assets/fonts/BeginningofSummer_1.html]
[culturecours.com/wp-content/themes/zoomy/assets/fonts/BeginningofSummer_1-2.html]
[culturecours.com/wp-content/themes/zoomy/assets/fonts/BeginningofSummer_1-3.html]
[culturecours.com/wp-content/plugins/woocommerce/assets/fonts/star.svg]
[culturecours.com/wp-content/plugins/woocommerce/assets/fonts/WooCommerce.svg]
[culturecours.com/wp-content/plugins/woocommerce/assets/images/icons/loader.svg]
[culturecours.com/wp-content/plugins/woocommerce/assets/images/icons/credit-cards/visa.svg]
[culturecours.com/wp-content/plugins/woocommerce/assets/images/icons/credit-cards/mastercard.svg]
[culturecours.com/wp-content/plugins/woocommerce/assets/images/icons/credit-cards/laser.svg]
[culturecours.com/wp-content/plugins/woocommerce/assets/images/icons/credit-cards/diners.svg]
[culturecours.com/wp-content/plugins/woocommerce/assets/images/icons/credit-cards/maestro.svg]
[culturecours.com/wp-content/plugins/woocommerce/assets/images/icons/credit-cards/jcb.svg]
[culturecours.com/wp-content/plugins/woocommerce/assets/images/icons/credit-cards/amex.svg]
[culturecours.com/wp-content/plugins/woocommerce/assets/images/icons/credit-cards/discover.svg]
[culturecours.com/wp-content/themes/zoomy/style-editor.css]
[culturecours.com/wp-content/themes/zoomy/assets/fonts/fa-brands-400.html]
[culturecours.com/wp-content/themes/zoomy/assets/fonts/fa-brands-400d41d.html]
[culturecours.com/wp-content/themes/zoomy/assets/fonts/fa-brands-401.html]
[culturecours.com/wp-content/themes/zoomy/assets/fonts/fa-brands-402.html]
[culturecours.com/wp-content/themes/zoomy/assets/fonts/fa-duotone-900.html]
[culturecours.com/wp-content/themes/zoomy/assets/fonts/fa-duotone-900d41d.html]
[culturecours.com/wp-content/themes/zoomy/assets/fonts/fa-duotone-901.html]
[culturecours.com/wp-content/themes/zoomy/assets/fonts/fa-duotone-902.html]
[culturecours.com/wp-content/themes/zoomy/assets/fonts/fa-duotone-903.html]
[culturecours.com/wp-content/themes/zoomy/assets/fonts/fa-duotone-904.html]
[culturecours.com/wp-content/themes/zoomy/assets/fonts/fa-light-300.html]
[culturecours.com/wp-content/themes/zoomy/assets/fonts/fa-light-300d41d.html]
[culturecours.com/wp-content/themes/zoomy/assets/fonts/fa-light-301.html]
[culturecours.com/wp-content/themes/zoomy/assets/fonts/fa-light-302.html]
[culturecours.com/wp-content/themes/zoomy/assets/fonts/fa-light-303.html]
[culturecours.com/wp-content/themes/zoomy/assets/fonts/fa-regular-400.html]
[culturecours.com/wp-content/themes/zoomy/assets/fonts/fa-regular-400d41d.html]
[culturecours.com/wp-content/themes/zoomy/assets/fonts/fa-regular-401.html]
[culturecours.com/wp-content/themes/zoomy/assets/fonts/fa-solid-900.html]
[culturecours.com/wp-content/themes/zoomy/assets/fonts/fa-solid-900d41d.html]
[culturecours.com/wp-content/themes/zoomy/assets/fonts/fa-solid-901.html]
[culturecours.com/wp-content/themes/zoomy/assets/css/flaticon32c5.html]
[culturecours.com/wp-content/themes/zoomy/assets/css/flaticon32c5-2.html]
[culturecours.com/wp-content/themes/zoomy/assets/css/flaticon32c5-3.html]
[culturecours.com/wp-content/themes/zoomy/assets/css/flaticon32c5-4.html]
[culturecours.com/wp-content/themes/zoomy/assets/css/flaticon32c5-5.html]
[culturecours.com/wp-content/themes/zoomy/assets/img/shape/line-border.html]
[culturecours.com/wp-content/themes/zoomy/assets/img/testimonial/map-dot.html]
[culturecours.com/wp-content/themes/zoomy/assets/img/quote.svg]
[culturecours.com/condition-generale/index.html]
[culturecours.com/wp-content/plugins/pro-elements/assets/lib/font-awesome/webfonts/fa-brands-400.svg]
[culturecours.com/wp-content/plugins/pro-elements/assets/lib/font-awesome/webfonts/fa-regular-400.svg]
[culturecours.com/wp-content/plugins/pro-elements/assets/lib/font-awesome/webfonts/fa-solid-900.svg]
[culturecours.com/wp-content/plugins/elementskit-lite/widgets/init/assets/img/cross-out.svg]
[culturecours.com/wp-content/uploads/elementor/css/post-30275813.css]
[culturecours.com/index0c5a.html]
[culturecours.com/wp-content/uploads/2021/12/phone-operator.svg]
[culturecours.com/wp-content/uploads/2021/12/graduate.svg]
[culturecours.com/wp-content/uploads/2021/12/career-path.svg]
[culturecours.com/nous-decouvrir/POST.html]
[culturecours.com/wp-content/uploads/elementor/css/post-68239c3e.css]
[culturecours.com/wp-json/wp/v2/pages/6823.json]
[culturecours.com/wp-json/oembed/1.0/embedf3c2.json]
[culturecours.com/wp-json/oembed/1.0/embedea1a]
[culturecours.com/wp-content/uploads/2023/12/cp-img-header-1024x683.png]
[culturecours.com/wp-content/uploads/2023/12/lecriture.png]
[culturecours.com/wp-content/uploads/2023/12/123.png]
[culturecours.com/wp-content/uploads/2023/12/terre.png]
[culturecours.com/wp-content/uploads/2023/12/block2-cp-e1701098094336.png]
[culturecours.com/wp-content/uploads/2023/12/enfant-7-e1700061047583.png]
[culturecours.com/wp-content/uploads/2024/02/Cours-particuliers-maths-primaire.webp]
[culturecours.com/wp-content/uploads/2023/12/enfant-2-e1700489924195.png]
[culturecours.com/wp-content/uploads/2023/12/a1-cp1.png]
[culturecours.com/soutien-scolaire-niveau-cp/index.html]
[culturecours.com/wp-content/uploads/elementor/css/post-7012ee2b.css]
[culturecours.com/wp-json/wp/v2/pages/7012.json]
[culturecours.com/wp-json/oembed/1.0/embed5ff7.json]
[culturecours.com/wp-json/oembed/1.0/embed0371]
[culturecours.com/wp-content/uploads/2023/12/eleve-en-CE1-1024x683.png]
[culturecours.com/wp-content/uploads/2023/12/block2-cp.png]
[culturecours.com/wp-content/uploads/2023/12/acc-cp.png]
[culturecours.com/wp-content/uploads/2024/02/Cours-particuliers-a-domicile-de-anglais-primaire.webp]
[culturecours.com/wp-content/uploads/2024/01/image-png-site-2.webp]
[culturecours.com/soutien-scolaire-niveau-ce1/index.html]
[culturecours.com/wp-content/uploads/elementor/css/post-70425532.css]
[culturecours.com/wp-json/wp/v2/pages/7042.json]
[culturecours.com/wp-json/oembed/1.0/embedf7a4.json]
[culturecours.com/wp-json/oembed/1.0/embedc4a8]
[culturecours.com/wp-content/uploads/2024/01/image-png-site-11-e1705413420241.webp]
[culturecours.com/wp-content/uploads/2023/12/image-png-site-14.png]
[culturecours.com/wp-content/uploads/2024/02/Cours-particuliers-a-domicile-francais-primaire.webp]
[culturecours.com/wp-content/uploads/2024/01/Thomas-eleve-de-CE2.webp]
[culturecours.com/soutien-scolaire-niveau-ce2/index.html]
[culturecours.com/wp-content/uploads/elementor/css/post-7055bcad.css]
[culturecours.com/wp-json/wp/v2/pages/7055.json]
[culturecours.com/wp-json/oembed/1.0/embed4a85.json]
[culturecours.com/wp-json/oembed/1.0/embed0f51]
[culturecours.com/wp-content/uploads/2024/01/image-png-site-C8-1.png]
[culturecours.com/wp-content/uploads/2024/02/Cours-particuliers-a-domicile-prmaire.webp]
[culturecours.com/wp-content/uploads/2024/01/CM1-Hugo.webp]
[culturecours.com/soutien-scolaire-niveau-cm1/index.html]
[culturecours.com/wp-content/uploads/elementor/css/post-70669eb0.css]
[culturecours.com/wp-json/wp/v2/pages/7066.json]
[culturecours.com/wp-json/oembed/1.0/embed69c5.json]
[culturecours.com/wp-json/oembed/1.0/embed1c0a]
[culturecours.com/wp-content/uploads/2023/12/image-png-site-19.png]
[culturecours.com/wp-content/uploads/2024/02/Cours-particuliers-a-domicile-anglais-primaire.webp]
[culturecours.com/wp-content/uploads/2024/01/Julien.webp]
[culturecours.com/soutien-scolaire-niveau-cm2/index.html]
[culturecours.com/wp-content/uploads/elementor/css/post-7073761e.css]
[culturecours.com/wp-json/wp/v2/pages/7073.json]
[culturecours.com/wp-json/oembed/1.0/embedc9b1.json]
[culturecours.com/wp-json/oembed/1.0/embed4b06]
[culturecours.com/wp-content/uploads/2023/12/cours-particuliers.png]
[culturecours.com/wp-content/uploads/2023/12/image-png-site-24.png]
[culturecours.com/wp-content/uploads/2024/02/Cours-particuliers-a-domicile-anglais-college.webp]
[culturecours.com/wp-content/uploads/2024/01/6eme-Lucas-1.webp]
[culturecours.com/soutien-scolaire-niveau-sixieme/index.html]
[culturecours.com/wp-content/uploads/elementor/css/post-70930421.css]
[culturecours.com/wp-json/wp/v2/pages/7093.json]
[culturecours.com/wp-json/oembed/1.0/embed5239.json]
[culturecours.com/wp-json/oembed/1.0/embeddc98]
[culturecours.com/wp-content/uploads/2024/02/Cours-particuliers-a-domicile-francais-maths-college.webp]
[culturecours.com/wp-content/uploads/2024/01/6eme-Lucas.webp]
[culturecours.com/soutien-scolaire-niveau-cinquieme/index.html]
[culturecours.com/wp-content/uploads/elementor/css/post-71024679.css]
[culturecours.com/wp-json/wp/v2/pages/7102.json]
[culturecours.com/wp-json/oembed/1.0/embedce29.json]
[culturecours.com/wp-json/oembed/1.0/embed58b8]
[culturecours.com/wp-content/uploads/2024/02/cours-particuliers-france.webp]
[culturecours.com/wp-content/uploads/2024/01/4eme-Marc.webp]
[culturecours.com/soutien-scolaire-niveau-quatrieme/index.html]
[culturecours.com/wp-content/uploads/elementor/css/post-711386a6.css]
[culturecours.com/wp-json/wp/v2/pages/7113.json]
[culturecours.com/wp-json/oembed/1.0/embed9d10.json]
[culturecours.com/wp-json/oembed/1.0/embed2af1]
[culturecours.com/wp-content/uploads/2023/12/eleve-en-CE1.png]
[culturecours.com/wp-content/uploads/2024/02/Cours-particuliers-a-domicile-francais-college.webp]
[culturecours.com/wp-content/uploads/2024/01/3eme-Clara-1.webp]
[culturecours.com/soutien-scolaire-niveau-troisieme/index.html]
[culturecours.com/wp-content/uploads/elementor/css/post-71263ee8.css]
[culturecours.com/wp-json/wp/v2/pages/7126.json]
[culturecours.com/wp-json/oembed/1.0/embed573c.json]
[culturecours.com/wp-json/oembed/1.0/embede4cd]
[culturecours.com/wp-content/uploads/2023/12/cours-a-domicile-1.png]
[culturecours.com/wp-content/uploads/2023/12/image-png-site-23.png]
[culturecours.com/wp-content/uploads/2023/12/accompagnement-culturecours-1024x620.png]
[culturecours.com/wp-content/uploads/2024/02/Cours-particuliers-a-domicile-francais-lycee.webp]
[culturecours.com/wp-content/uploads/2023/12/sicomp_stoody.png]
[culturecours.com/soutien-scolaire-niveau-seconde/index.html]
[culturecours.com/wp-content/uploads/elementor/css/post-71380408.css]
[culturecours.com/wp-json/wp/v2/pages/7138.json]
[culturecours.com/wp-json/oembed/1.0/embedc865.json]
[culturecours.com/wp-json/oembed/1.0/embed95aa]
[culturecours.com/wp-content/uploads/2023/12/culture-cours.png]
[culturecours.com/wp-content/uploads/2023/12/accompagnement-culturecours.png]
[culturecours.com/wp-content/uploads/2024/02/Cours-particuliers-a-domicile-anglais-lycee.webp]
[culturecours.com/wp-content/uploads/2023/12/image-png-site-9.png]
[culturecours.com/soutien-scolaire-niveau-premiere/index.html]
[culturecours.com/wp-content/uploads/elementor/css/post-71462b27.css]
[culturecours.com/wp-json/wp/v2/pages/7146.json]
[culturecours.com/wp-json/oembed/1.0/embedea7d.json]
[culturecours.com/wp-json/oembed/1.0/embedeca6]
[culturecours.com/wp-content/uploads/2023/12/01.png]
[culturecours.com/wp-content/uploads/2024/02/Cours-particuliers-a-domicile-maths-terminale.webp]
[culturecours.com/wp-content/uploads/2024/01/Terminale-Maxime.webp]
[culturecours.com/wp-content/uploads/2023/12/img_1-300x225.png]
[culturecours.com/soutien-scolaire-niveau-terminale/index.html]
[culturecours.com/wp-content/uploads/2024/03/world-1-scaled-1.webp]
[culturecours.com/wp-content/uploads/elementor/css/post-864481f8.css]
[culturecours.com/index3eac.html]
[culturecours.com/nos-professeurs/POST.html]
[culturecours.com/wp-content/uploads/2023/12/yellow-bg.png]
[culturecours.com/wp-content/uploads/elementor/css/post-716123bb.css]
[culturecours.com/index3ac3.html]
[culturecours.com/nos-tarifs/POST.html]
[culturecours.com/wp-content/uploads/elementor/css/post-3fa5b.css]
[culturecours.com/wp-json/wp/v2/pages/3.json]
[culturecours.com/wp-json/oembed/1.0/embed3ace.json]
[culturecours.com/wp-json/oembed/1.0/embed60bc]
[culturecours.com/condition-generale/index.html]
[culturecours.com/wp-content/uploads/elementor/css/post-68239c3e.css]
[culturecours.com/index38c2.html]
[culturecours.com/soutien-scolaire-niveau-cp/POST.html]
[culturecours.com/wp-content/uploads/elementor/css/post-7012ee2b.css]
[culturecours.com/indexdcc9.html]
[culturecours.com/soutien-scolaire-niveau-ce1/POST.html]
[culturecours.com/wp-content/uploads/elementor/css/post-70425532.css]
[culturecours.com/index6ba9.html]
[culturecours.com/soutien-scolaire-niveau-ce2/POST.html]
[culturecours.com/wp-content/uploads/elementor/css/post-7055bcad.css]
[culturecours.com/index7d02.html]
[culturecours.com/soutien-scolaire-niveau-cm1/POST.html]
[culturecours.com/wp-content/uploads/elementor/css/post-70669eb0.css]
[culturecours.com/indexd9a5.html]
[culturecours.com/soutien-scolaire-niveau-cm2/POST.html]
[culturecours.com/wp-content/uploads/elementor/css/post-7073761e.css]
[culturecours.com/index15e9.html]
[culturecours.com/soutien-scolaire-niveau-sixieme/POST.html]
[culturecours.com/wp-content/uploads/elementor/css/post-70930421.css]
[culturecours.com/index7dde.html]
[culturecours.com/soutien-scolaire-niveau-cinquieme/POST.html]
[culturecours.com/wp-content/uploads/elementor/css/post-71024679.css]
[culturecours.com/index1bfb.html]
[culturecours.com/soutien-scolaire-niveau-quatrieme/POST.html]
[culturecours.com/wp-content/uploads/elementor/css/post-711386a6.css]
[culturecours.com/index5835.html]
[culturecours.com/soutien-scolaire-niveau-troisieme/POST.html]
[culturecours.com/wp-content/uploads/elementor/css/post-71263ee8.css]
[culturecours.com/indexe167.html]
[culturecours.com/soutien-scolaire-niveau-seconde/POST.html]
[culturecours.com/wp-content/uploads/elementor/css/post-71380408.css]
[culturecours.com/index870e.html]
[culturecours.com/soutien-scolaire-niveau-premiere/POST.html]
[culturecours.com/wp-content/uploads/elementor/css/post-71462b27.css]
[culturecours.com/index5508.html]
[culturecours.com/soutien-scolaire-niveau-terminale/POST.html]
[culturecours.com/wp-content/uploads/elementor/css/post-3fa5b.css]
[culturecours.com/index2207.html]
[culturecours.com/condition-generale/POST.html]
